<?xml version="1.0" encoding="UTF-8" ?>
<testsuite errors="0" failures="0" hostname="yt00638" name="com.augmentum.oes.controller.QuestionControllerTest" skipped="0" tests="6" time="6.389" timestamp="2016-08-15T15:47:46">
  <properties>
    <property name="java.vendor" value="Oracle Corporation" />
    <property name="lib.dir" value="C:\Documents and Settings\glenn.zheng\YZDEVFRESH20160718\oes\WebContent\WEB-INF\lib" />
    <property name="sun.java.launcher" value="SUN_STANDARD" />
    <property name="eclipse.pdebuild.templates" value="/D:/eclipse-jee-luna-SR2-win32/eclipse/plugins/org.eclipse.pde.build_3.9.0.v20140415-2029/templates/" />
    <property name="sun.management.compiler" value="HotSpot Client Compiler" />
    <property name="env.PROMPT" value="$P$G" />
    <property name="os.name" value="Windows XP" />
    <property name="env.FP_NO_HOST_CHECK" value="NO" />
    <property name="sun.boot.class.path" value="D:\Java\jdk1.7.0_51\jre\lib\resources.jar;D:\Java\jdk1.7.0_51\jre\lib\rt.jar;D:\Java\jdk1.7.0_51\jre\lib\sunrsasign.jar;D:\Java\jdk1.7.0_51\jre\lib\jsse.jar;D:\Java\jdk1.7.0_51\jre\lib\jce.jar;D:\Java\jdk1.7.0_51\jre\lib\charsets.jar;D:\Java\jdk1.7.0_51\jre\lib\jfr.jar;D:\Java\jdk1.7.0_51\jre\classes" />
    <property name="env.COMPUTERNAME" value="YT00638" />
    <property name="env.ALLUSERSPROFILE" value="C:\Documents and Settings\All Users" />
    <property name="sun.desktop" value="windows" />
    <property name="java.vm.specification.vendor" value="Oracle Corporation" />
    <property name="ant.home" value="D:\apache-ant-1.9.1" />
    <property name="java.runtime.version" value="1.7.0_51-b13" />
    <property name="env.HOMEPATH" value="\Documents and Settings\glenn.zheng" />
    <property name="user.name" value="Glenn.Zheng" />
    <property name="ant.file.type.testSpring" value="file" />
    <property name="build.dir" value="C:\Documents and Settings\glenn.zheng\YZDEVFRESH20160718\oes\bin" />
    <property name="user.language" value="zh" />
    <property name="sun.boot.library.path" value="D:\Java\jdk1.7.0_51\jre\bin" />
    <property name="build.test.classes" value="C:\Documents and Settings\glenn.zheng\YZDEVFRESH20160718\oes\bin\test\classes" />
    <property name="build.test.report" value="C:\Documents and Settings\glenn.zheng\YZDEVFRESH20160718\oes\bin\test\report" />
    <property name="ant.file.testSpring" value="C:\Documents and Settings\glenn.zheng\YZDEVFRESH20160718\oes\build.xml" />
    <property name="ant.project.default-target" value="war" />
    <property name="build.war.dir" value="C:\Documents and Settings\glenn.zheng\YZDEVFRESH20160718\oes\bin\war" />
    <property name="ant.project.name" value="testSpring" />
    <property name="java.version" value="1.7.0_51" />
    <property name="env.PROCESSOR_IDENTIFIER" value="x86 Family 6 Model 15 Stepping 13, GenuineIntel" />
    <property name="user.timezone" value="" />
    <property name="env.CLIENTNAME" value="Console" />
    <property name="env.TEMP" value="C:\DOCUME~1\GLENN~1.ZHE\LOCALS~1\Temp" />
    <property name="sun.arch.data.model" value="32" />
    <property name="test.src.dir" value="C:\Documents and Settings\glenn.zheng\YZDEVFRESH20160718\oes\test" />
    <property name="java.endorsed.dirs" value="D:\Java\jdk1.7.0_51\jre\lib\endorsed" />
    <property name="sun.cpu.isalist" value="pentium_pro+mmx pentium_pro pentium+mmx pentium i486 i386 i86" />
    <property name="env.HOMEDRIVE" value="C:" />
    <property name="sun.jnu.encoding" value="GB18030" />
    <property name="file.encoding.pkg" value="sun.io" />
    <property name="file.separator" value="\" />
    <property name="java.specification.name" value="Java Platform API Specification" />
    <property name="test.lib.dir" value="C:\Documents and Settings\glenn.zheng\YZDEVFRESH20160718\oes\lib" />
    <property name="java.class.version" value="51.0" />
    <property name="user.country" value="CN" />
    <property name="java.home" value="D:\Java\jdk1.7.0_51\jre" />
    <property name="env.APPDATA" value="C:\Documents and Settings\glenn.zheng\Application Data" />
    <property name="java.vm.info" value="mixed mode, sharing" />
    <property name="env.CATALINA_HOME" value="D:\apache-tomcat-6.0.18" />
    <property name="env.ComSpec" value="C:\WINDOWS\system32\cmd.exe" />
    <property name="env.OS" value="Windows_NT" />
    <property name="env.CommonProgramFiles" value="C:\Program Files\Common Files" />
    <property name="ant.file" value="C:\Documents and Settings\glenn.zheng\YZDEVFRESH20160718\oes\build.xml" />
    <property name="os.version" value="5.1" />
    <property name="path.separator" value=";" />
    <property name="java.vm.version" value="24.51-b03" />
    <property name="user.variant" value="" />
    <property name="env.USERPROFILE" value="C:\Documents and Settings\glenn.zheng" />
    <property name="web.dir" value="C:\Documents and Settings\glenn.zheng\YZDEVFRESH20160718\oes\WebContent" />
    <property name="ant.library.dir" value="D:\apache-ant-1.9.1\lib" />
    <property name="env.JAVA_HOME" value="D:\Java\jdk1.7.0_51" />
    <property name="java.awt.printerjob" value="sun.awt.windows.WPrinterJob" />
    <property name="env.TMP" value="C:\DOCUME~1\GLENN~1.ZHE\LOCALS~1\Temp" />
    <property name="sun.io.unicode.encoding" value="UnicodeLittle" />
    <property name="awt.toolkit" value="sun.awt.windows.WToolkit" />
    <property name="user.script" value="" />
    <property name="eclipse.pdebuild.scripts" value="/D:/eclipse-jee-luna-SR2-win32/eclipse/plugins/org.eclipse.pde.build_3.9.0.v20140415-2029/scripts/" />
    <property name="user.home" value="C:\Documents and Settings\glenn.zheng" />
    <property name="env.SESSIONNAME" value="Console" />
    <property name="java.specification.vendor" value="Oracle Corporation" />
    <property name="java.vendor.url" value="http://java.oracle.com/" />
    <property name="env.NUMBER_OF_PROCESSORS" value="2" />
    <property name="java.library.path" value="D:\Java\jdk1.7.0_51\jre\bin;C:\WINDOWS\Sun\Java\bin;C:\WINDOWS\system32;C:\WINDOWS;D:/Java/jre7/bin/client;D:/Java/jre7/bin;D:/Java/jre7/lib/i386;C:\WINDOWS\system32;C:\WINDOWS;C:\WINDOWS\System32\Wbem;C:\Program Files\TortoiseSVN\bin;D:\Java\jdk1.7.0_51\bin;D:\Java\jdk1.7.0_51\jre\bin;D:\apache-tomcat-6.0.18\bin;D:\MySQL\MySQL Server 5.1\bin;D:\Git\cmd;D:\Git\bin;D:\apache-ant-1.9.1\bin;D:\apache-tomcat-6.0.18\lib;D:\apache-tomcat-6.0.18\bin;D:\eclipse-jee-luna-SR2-win32\eclipse;;." />
    <property name="env.USERDNSDOMAIN" value="YZ.AUGMENTUM.COM.CN" />
    <property name="java.vm.vendor" value="Oracle Corporation" />
    <property name="java.runtime.name" value="Java(TM) SE Runtime Environment" />
    <property name="ant.version" value="Apache Ant(TM) version 1.9.1 compiled on May 15 2013" />
    <property name="sun.java.command" value="org.apache.tools.ant.taskdefs.optional.junit.JUnitTestRunner com.augmentum.oes.controller.QuestionControllerTest filtertrace=true haltOnError=false haltOnFailure=false showoutput=false outputtoformatters=true logfailedtests=true logtestlistenerevents=false formatter=org.apache.tools.ant.taskdefs.optional.junit.XMLJUnitResultFormatter,C:\Documents and Settings\glenn.zheng\YZDEVFRESH20160718\oes\bin\test\report\TEST-com.augmentum.oes.controller.QuestionControllerTest.xml crashfile=C:\Documents and Settings\glenn.zheng\YZDEVFRESH20160718\oes\junitvmwatcher6376430545906600193.properties propsfile=C:\Documents and Settings\glenn.zheng\YZDEVFRESH20160718\oes\junit6785616771389743258.properties" />
    <property name="java.class.path" value="C:\Documents and Settings\glenn.zheng\YZDEVFRESH20160718\oes\bin\classes;C:\Documents and Settings\glenn.zheng\YZDEVFRESH20160718\oes\bin\test\classes;C:\Documents and Settings\glenn.zheng\YZDEVFRESH20160718\oes\WebContent\WEB-INF\lib\aopalliance-1.0.jar;C:\Documents and Settings\glenn.zheng\YZDEVFRESH20160718\oes\WebContent\WEB-INF\lib\aspectjrt-1.7.3.jar;C:\Documents and Settings\glenn.zheng\YZDEVFRESH20160718\oes\WebContent\WEB-INF\lib\aspectjweaver-1.7.3.jar;C:\Documents and Settings\glenn.zheng\YZDEVFRESH20160718\oes\WebContent\WEB-INF\lib\c3p0-0.9.2.1.jar;C:\Documents and Settings\glenn.zheng\YZDEVFRESH20160718\oes\WebContent\WEB-INF\lib\cglib-nodep-2.2.jar;C:\Documents and Settings\glenn.zheng\YZDEVFRESH20160718\oes\WebContent\WEB-INF\lib\commons-beanutils.jar;C:\Documents and Settings\glenn.zheng\YZDEVFRESH20160718\oes\WebContent\WEB-INF\lib\commons-dbutils-1.4.jar;C:\Documents and Settings\glenn.zheng\YZDEVFRESH20160718\oes\WebContent\WEB-INF\lib\commons-digester-2.0.jar;C:\Documents and Settings\glenn.zheng\YZDEVFRESH20160718\oes\WebContent\WEB-INF\lib\commons-logging-1.1.1.jar;C:\Documents and Settings\glenn.zheng\YZDEVFRESH20160718\oes\WebContent\WEB-INF\lib\commons-logging.jar;C:\Documents and Settings\glenn.zheng\YZDEVFRESH20160718\oes\WebContent\WEB-INF\lib\hamcrest-all-1.2.jar;C:\Documents and Settings\glenn.zheng\YZDEVFRESH20160718\oes\WebContent\WEB-INF\lib\jackson-core-lgpl-1.8.1.jar;C:\Documents and Settings\glenn.zheng\YZDEVFRESH20160718\oes\WebContent\WEB-INF\lib\jackson-mapper-lgpl-1.8.1.jar;C:\Documents and Settings\glenn.zheng\YZDEVFRESH20160718\oes\WebContent\WEB-INF\lib\log4j-1.2.13.jar;C:\Documents and Settings\glenn.zheng\YZDEVFRESH20160718\oes\WebContent\WEB-INF\lib\mchange-commons-java-0.2.3.4.jar;C:\Documents and Settings\glenn.zheng\YZDEVFRESH20160718\oes\WebContent\WEB-INF\lib\mybatis-3.2.0.jar;C:\Documents and Settings\glenn.zheng\YZDEVFRESH20160718\oes\WebContent\WEB-INF\lib\mybatis-spring-1.2.0.jar;C:\Documents and Settings\glenn.zheng\YZDEVFRESH20160718\oes\WebContent\WEB-INF\lib\mysql-connector-java-5.1.25.jar;C:\Documents and Settings\glenn.zheng\YZDEVFRESH20160718\oes\WebContent\WEB-INF\lib\spring-aop-3.1.1.RELEASE.jar;C:\Documents and Settings\glenn.zheng\YZDEVFRESH20160718\oes\WebContent\WEB-INF\lib\spring-asm-3.1.1.RELEASE.jar;C:\Documents and Settings\glenn.zheng\YZDEVFRESH20160718\oes\WebContent\WEB-INF\lib\spring-beans-3.1.1.RELEASE.jar;C:\Documents and Settings\glenn.zheng\YZDEVFRESH20160718\oes\WebContent\WEB-INF\lib\spring-context-3.1.1.RELEASE.jar;C:\Documents and Settings\glenn.zheng\YZDEVFRESH20160718\oes\WebContent\WEB-INF\lib\spring-context-support-3.1.1.RELEASE.jar;C:\Documents and Settings\glenn.zheng\YZDEVFRESH20160718\oes\WebContent\WEB-INF\lib\spring-core-3.1.1.RELEASE.jar;C:\Documents and Settings\glenn.zheng\YZDEVFRESH20160718\oes\WebContent\WEB-INF\lib\spring-expression-3.1.1.RELEASE.jar;C:\Documents and Settings\glenn.zheng\YZDEVFRESH20160718\oes\WebContent\WEB-INF\lib\spring-jdbc-3.1.1.RELEASE.jar;C:\Documents and Settings\glenn.zheng\YZDEVFRESH20160718\oes\WebContent\WEB-INF\lib\spring-tx-3.1.1.RELEASE.jar;C:\Documents and Settings\glenn.zheng\YZDEVFRESH20160718\oes\WebContent\WEB-INF\lib\spring-web-3.1.1.RELEASE.jar;C:\Documents and Settings\glenn.zheng\YZDEVFRESH20160718\oes\WebContent\WEB-INF\lib\spring-webmvc-3.1.1.RELEASE.jar;C:\Documents and Settings\glenn.zheng\YZDEVFRESH20160718\oes\WebContent\WEB-INF\lib\xstream-1.4.2.jar;D:\apache-tomcat-6.0.18\lib\annotations-api.jar;D:\apache-tomcat-6.0.18\lib\catalina-ant.jar;D:\apache-tomcat-6.0.18\lib\catalina-ha.jar;D:\apache-tomcat-6.0.18\lib\catalina-tribes.jar;D:\apache-tomcat-6.0.18\lib\catalina.jar;D:\apache-tomcat-6.0.18\lib\el-api.jar;D:\apache-tomcat-6.0.18\lib\jasper-el.jar;D:\apache-tomcat-6.0.18\lib\jasper-jdt.jar;D:\apache-tomcat-6.0.18\lib\jasper.jar;D:\apache-tomcat-6.0.18\lib\jsp-api.jar;D:\apache-tomcat-6.0.18\lib\mysql-connector-java-5.1.7-bin.jar;D:\apache-tomcat-6.0.18\lib\servlet-api.jar;D:\apache-tomcat-6.0.18\lib\tomcat-coyote.jar;D:\apache-tomcat-6.0.18\lib\tomcat-dbcp.jar;D:\apache-tomcat-6.0.18\lib\tomcat-i18n-es.jar;D:\apache-tomcat-6.0.18\lib\tomcat-i18n-fr.jar;D:\apache-tomcat-6.0.18\lib\tomcat-i18n-ja.jar;C:\Documents and Settings\glenn.zheng\YZDEVFRESH20160718\oes\lib\junit.jar;C:\Documents and Settings\glenn.zheng\YZDEVFRESH20160718\oes\lib\spring-test-3.2.3.RELEASE.jar;D:\apache-ant-1.9.1\lib\ant-launcher.jar;D:\apache-ant-1.9.1\lib\ant.jar;D:\apache-ant-1.9.1\lib\ant-junit.jar;D:\apache-ant-1.9.1\lib\ant-junit4.jar" />
    <property name="java.vm.specification.name" value="Java Virtual Machine Specification" />
    <property name="build.doc.dir" value="C:\Documents and Settings\glenn.zheng\YZDEVFRESH20160718\oes\bin\doc" />
    <property name="env.windir" value="C:\WINDOWS" />
    <property name="env.LOGONSERVER" value="\\AD" />
    <property name="java.vm.specification.version" value="1.7" />
    <property name="env.PROCESSOR_ARCHITECTURE" value="x86" />
    <property name="build.classes" value="C:\Documents and Settings\glenn.zheng\YZDEVFRESH20160718\oes\bin\classes" />
    <property name="sun.os.patch.level" value="Service Pack 3" />
    <property name="sun.cpu.endian" value="little" />
    <property name="env.ANT_HOME" value="D:\apache-ant-1.9.1" />
    <property name="env.ProgramFiles" value="C:\Program Files" />
    <property name="java.io.tmpdir" value="C:\DOCUME~1\GLENN~1.ZHE\LOCALS~1\Temp\" />
    <property name="env.PROCESSOR_REVISION" value="0f0d" />
    <property name="eclipse.pdebuild.home" value="/D:/eclipse-jee-luna-SR2-win32/eclipse/plugins/org.eclipse.pde.build_3.9.0.v20140415-2029/./" />
    <property name="java.vendor.url.bug" value="http://bugreport.sun.com/bugreport/" />
    <property name="env.SystemRoot" value="C:\WINDOWS" />
    <property name="conf.dir" value="C:\Documents and Settings\glenn.zheng\YZDEVFRESH20160718\oes\conf" />
    <property name="java.awt.graphicsenv" value="sun.awt.Win32GraphicsEnvironment" />
    <property name="os.arch" value="x86" />
    <property name="java.ext.dirs" value="D:\Java\jdk1.7.0_51\jre\lib\ext;C:\WINDOWS\Sun\Java\lib\ext" />
    <property name="user.dir" value="C:\Documents and Settings\glenn.zheng\YZDEVFRESH20160718\oes" />
    <property name="build.test.dir" value="C:\Documents and Settings\glenn.zheng\YZDEVFRESH20160718\oes\bin\test" />
    <property name="line.separator" value="&#xd;&#xa;" />
    <property name="java.vm.name" value="Java HotSpot(TM) Client VM" />
    <property name="env.PATHEXT" value=".COM;.EXE;.BAT;.CMD;.VBS;.VBE;.JS;.JSE;.WSF;.WSH" />
    <property name="env.Path" value="D:/Java/jre7/bin/client;D:/Java/jre7/bin;D:/Java/jre7/lib/i386;C:\WINDOWS\system32;C:\WINDOWS;C:\WINDOWS\System32\Wbem;C:\Program Files\TortoiseSVN\bin;D:\Java\jdk1.7.0_51\bin;D:\Java\jdk1.7.0_51\jre\bin;D:\apache-tomcat-6.0.18\bin;D:\MySQL\MySQL Server 5.1\bin;D:\Git\cmd;D:\Git\bin;D:\apache-ant-1.9.1\bin;D:\apache-tomcat-6.0.18\lib;D:\apache-tomcat-6.0.18\bin;D:\eclipse-jee-luna-SR2-win32\eclipse;" />
    <property name="org.apache.tools.ant.taskdefs.optional.junit.AggregateTransformer0" value="C:\DOCUME~1\GLENN~1.ZHE\LOCALS~1\Temp\null775490087" />
    <property name="basedir" value="C:\Documents and Settings\glenn.zheng\YZDEVFRESH20160718\oes" />
    <property name="ant.java.version" value="1.7" />
    <property name="ant.core.lib" value="D:\apache-ant-1.9.1\lib\ant.jar" />
    <property name="env.USERNAME" value="Glenn.Zheng" />
    <property name="env.SystemDrive" value="C:" />
    <property name="file.encoding" value="GB18030" />
    <property name="env.USERDOMAIN" value="YZ" />
    <property name="java.specification.version" value="1.7" />
    <property name="src.dir" value="C:\Documents and Settings\glenn.zheng\YZDEVFRESH20160718\oes\src" />
    <property name="ant.project.invoked-targets" value="doc,run-test,war" />
    <property name="env.PROCESSOR_LEVEL" value="6" />
  </properties>
  <testcase classname="com.augmentum.oes.controller.QuestionControllerTest" name="testList" time="6.186" />
  <testcase classname="com.augmentum.oes.controller.QuestionControllerTest" name="testToEdit" time="0.0" />
  <testcase classname="com.augmentum.oes.controller.QuestionControllerTest" name="testEdit" time="0.047" />
  <testcase classname="com.augmentum.oes.controller.QuestionControllerTest" name="testDelete" time="0.016" />
  <testcase classname="com.augmentum.oes.controller.QuestionControllerTest" name="testSave" time="0.031" />
  <testcase classname="com.augmentum.oes.controller.QuestionControllerTest" name="TestToList" time="0.016" />
  <system-out><![CDATA[before method。。。。 
invoke logMethodTime....
[15 八月 2016 23:47:52 DEBUG] - ooo Using Connection [com.mchange.v2.c3p0.impl.NewProxyConnection@958e6b]
[15 八月 2016 23:47:52 DEBUG] - ==>  Preparing: SELECT COUNT(*) FROM question WHERE isdelete != true AND previous_id = 0 
[15 八月 2016 23:47:53 DEBUG] - ==> Parameters: 
[15 八月 2016 23:47:53 DEBUG] - ooo Using Connection [com.mchange.v2.c3p0.impl.NewProxyConnection@958e6b]
[15 八月 2016 23:47:53 DEBUG] - ==>  Preparing: SELECT * FROM question WHERE isdelete != true AND previous_id =0 LIMIT ?, ? 
[15 八月 2016 23:47:53 DEBUG] - ==> Parameters: 0(Integer), 10(Integer)
log method endcom.augmentum.oes.service.impl.QuestionServiceImpl.findPageRecordsByKeyWords
[15 八月 2016 23:47:53  INFO] - Glenn.Zheng:QuestionService:findPageRecordsByKeyWords:219
before method。。。。 
invoke logMethodTime....
[15 八月 2016 23:47:53 DEBUG] - ooo Using Connection [com.mchange.v2.c3p0.impl.NewProxyConnection@958e6b]
[15 八月 2016 23:47:53 DEBUG] - ==>  Preparing: SELECT COUNT(*) FROM question WHERE question_content LIKE CONCAT(CONCAT('%', ?), '%') AND isdelete != true AND previous_id = 0 
[15 八月 2016 23:47:53 DEBUG] - ==> Parameters: abc(String)
[15 八月 2016 23:47:53 DEBUG] - ooo Using Connection [com.mchange.v2.c3p0.impl.NewProxyConnection@958e6b]
[15 八月 2016 23:47:53 DEBUG] - ==>  Preparing: SELECT * FROM question WHERE isdelete != true AND previous_id = 0 AND question_content LIKE CONCAT(CONCAT('%', ?), '%') LIMIT 0, 10 
[15 八月 2016 23:47:53 DEBUG] - ==> Parameters: abc(String)
log method endcom.augmentum.oes.service.impl.QuestionServiceImpl.findPageRecordsByKeyWords
[15 八月 2016 23:47:53  INFO] - Glenn.Zheng:QuestionService:findPageRecordsByKeyWords:63
before method。。。。 
invoke logMethodTime....
log method endcom.augmentum.oes.service.impl.QuestionServiceImpl.findPageRecords
[15 八月 2016 23:47:53  INFO] - Glenn.Zheng:QuestionService:findPageRecords:0
before method。。。。 
invoke logMethodTime....
[15 八月 2016 23:47:53 DEBUG] - ooo Using Connection [com.mchange.v2.c3p0.impl.NewProxyConnection@958e6b]
[15 八月 2016 23:47:53 DEBUG] - ==>  Preparing: SELECT * FROM question WHERE question_content LIKE CONCAT(CONCAT('%', ?), '%') AND isdelete != true AND previous_id = 0 ORDER BY id DESC LIMIT 0, 10 
[15 八月 2016 23:47:53 DEBUG] - ==> Parameters: abc(String)
log method endcom.augmentum.oes.service.impl.QuestionServiceImpl.findPageRecordsByKeyWordsDESC
[15 八月 2016 23:47:53  INFO] - Glenn.Zheng:QuestionService:findPageRecordsByKeyWordsDESC:0
before method。。。。 
invoke logMethodTime....
[15 八月 2016 23:47:53 DEBUG] - ooo Using Connection [com.mchange.v2.c3p0.impl.NewProxyConnection@d54d4d]
[15 八月 2016 23:47:53 DEBUG] - ==>  Preparing: SELECT * FROM question WHERE id = ? AND isdelete != true AND previous_id = 0 
[15 八月 2016 23:47:53 DEBUG] - ==> Parameters: 2420(String)
log method endcom.augmentum.oes.service.impl.QuestionServiceImpl.queryQuestionById
[15 八月 2016 23:47:53  INFO] - Glenn.Zheng:QuestionService:queryQuestionById:0
before method。。。。 
invoke logMethodTime....
[15 八月 2016 23:47:53 DEBUG] - ooo Using Connection [com.mchange.v2.c3p0.impl.NewProxyConnection@1f90482]
[15 八月 2016 23:47:53 DEBUG] - ==>  Preparing: SELECT * FROM question WHERE id = ? AND isdelete != true AND previous_id = 0 
[15 八月 2016 23:47:53 DEBUG] - ==> Parameters: 2420(String)
log method endcom.augmentum.oes.service.impl.QuestionServiceImpl.queryQuestionById
[15 八月 2016 23:47:53  INFO] - Glenn.Zheng:QuestionService:queryQuestionById:0
before method。。。。 
invoke logMethodTime....
[15 八月 2016 23:47:53 DEBUG] - ooo Using Connection [com.mchange.v2.c3p0.impl.NewProxyConnection@1f90482]
[15 八月 2016 23:47:53 DEBUG] - ==>  Preparing: INSERT INTO question(display_id, question_content, option_one, option_two, option_three, option_four, correct_option) VALUES (?, ?, ?, ?, ?, ?, ?) 
[15 八月 2016 23:47:53 DEBUG] - ==> Parameters: testSave(String), testSave(String), B(String), D(String), C(String), A(String), B(String)
2643questionId questionId questionId
log method endcom.augmentum.oes.service.impl.QuestionServiceImpl.addQuestion
[15 八月 2016 23:47:53  INFO] - Glenn.Zheng:QuestionService:addQuestion:0
before method。。。。 
invoke logMethodTime....
[15 八月 2016 23:47:53 DEBUG] - ooo Using Connection [com.mchange.v2.c3p0.impl.NewProxyConnection@1f90482]
[15 八月 2016 23:47:53 DEBUG] - ==>  Preparing: UPDATE question SET previous_id = ? WHERE id = ? 
[15 八月 2016 23:47:53 DEBUG] - ==> Parameters: 2643(String), 2420(Integer)
log method endcom.augmentum.oes.service.impl.QuestionServiceImpl.updateQuestion
[15 八月 2016 23:47:53  INFO] - Glenn.Zheng:QuestionService:updateQuestion:0
before method。。。。 
invoke logMethodTime....
[15 八月 2016 23:47:53 DEBUG] - ooo Using Connection [com.mchange.v2.c3p0.impl.NewProxyConnection@1f90482]
[15 八月 2016 23:47:53 DEBUG] - ==>  Preparing: SELECT COUNT(*) FROM question WHERE isdelete != true AND previous_id = 0 
[15 八月 2016 23:47:53 DEBUG] - ==> Parameters: 
[15 八月 2016 23:47:53 DEBUG] - ooo Using Connection [com.mchange.v2.c3p0.impl.NewProxyConnection@1f90482]
[15 八月 2016 23:47:53 DEBUG] - ==>  Preparing: SELECT * FROM question WHERE isdelete != true AND previous_id =0 LIMIT ?, ? 
[15 八月 2016 23:47:53 DEBUG] - ==> Parameters: 90(Integer), 10(Integer)
log method endcom.augmentum.oes.service.impl.QuestionServiceImpl.findPageRecordsByKeyWords
[15 八月 2016 23:47:53  INFO] - Glenn.Zheng:QuestionService:findPageRecordsByKeyWords:16
before method。。。。 
invoke logMethodTime....
[15 八月 2016 23:47:53 DEBUG] - ooo Using Connection [com.mchange.v2.c3p0.impl.NewProxyConnection@8f041f]
[15 八月 2016 23:47:53 DEBUG] - ==>  Preparing: UPDATE question SET isdelete = true WHERE display_id in ( 'Q0002' ) 
[15 八月 2016 23:47:53 DEBUG] - ==> Parameters: 
log method endcom.augmentum.oes.service.impl.QuestionServiceImpl.deleteQuestionByIds
[15 八月 2016 23:47:53  INFO] - Glenn.Zheng:QuestionService:deleteQuestionByIds:0
before method。。。。 
invoke logMethodTime....
[15 八月 2016 23:47:53 DEBUG] - ooo Using Connection [com.mchange.v2.c3p0.impl.NewProxyConnection@790e82]
[15 八月 2016 23:47:53 DEBUG] - ==>  Preparing: INSERT INTO question(display_id, question_content, option_one, option_two, option_three, option_four, correct_option) VALUES (?, ?, ?, ?, ?, ?, ?) 
[15 八月 2016 23:47:53 DEBUG] - ==> Parameters: testSave(String), testSave(String), B(String), D(String), C(String), A(String), B(String)
2644questionId questionId questionId
log method endcom.augmentum.oes.service.impl.QuestionServiceImpl.addQuestion
[15 八月 2016 23:47:53  INFO] - Glenn.Zheng:QuestionService:addQuestion:0
before method。。。。 
invoke logMethodTime....
[15 八月 2016 23:47:53 DEBUG] - ooo Using Connection [com.mchange.v2.c3p0.impl.NewProxyConnection@790e82]
[15 八月 2016 23:47:53 DEBUG] - ==>  Preparing: SELECT * FROM question WHERE isdelete != true AND previous_id = 0 ORDER BY id DESC LIMIT 0, 10 
[15 八月 2016 23:47:53 DEBUG] - ==> Parameters: 
log method endcom.augmentum.oes.service.impl.QuestionServiceImpl.viewQuestionList
[15 八月 2016 23:47:53  INFO] - Glenn.Zheng:QuestionService:viewQuestionList:0
before method。。。。 
invoke logMethodTime....
[15 八月 2016 23:47:53 DEBUG] - ooo Using Connection [com.mchange.v2.c3p0.impl.NewProxyConnection@dde075]
[15 八月 2016 23:47:53 DEBUG] - ==>  Preparing: SELECT COUNT(*) FROM question WHERE isdelete != true AND previous_id = 0 
[15 八月 2016 23:47:53 DEBUG] - ==> Parameters: 
[15 八月 2016 23:47:53 DEBUG] - ooo Using Connection [com.mchange.v2.c3p0.impl.NewProxyConnection@dde075]
[15 八月 2016 23:47:53 DEBUG] - ==>  Preparing: SELECT * FROM question WHERE isdelete != true AND previous_id =0 LIMIT ?, ? 
[15 八月 2016 23:47:53 DEBUG] - ==> Parameters: 0(Integer), 10(Integer)
log method endcom.augmentum.oes.service.impl.QuestionServiceImpl.findPageRecords
[15 八月 2016 23:47:53  INFO] - Glenn.Zheng:QuestionService:findPageRecords:16
]]></system-out>
  <system-err><![CDATA[]]></system-err>
</testsuite>
